# JRE version: OpenJDK Runtime Environment Temurin-21.0.8+9 (21.0.8+9) (build 21.0.8+9-LTS)
# Java VM: OpenJDK 64-Bit Server VM Temurin-21.0.8+9 (21.0.8+9-LTS, mixed mode, sharing, tiered, compressed oops, compressed class ptrs, g1 gc, windows-amd64)
GC Precious Log:
 CardTable entry size: 512
 Card Set container configuration: InlinePtr #cards 4 size 8 Array Of Cards #cards 16 size 48 Howl #buckets 8 coarsen threshold 3686 Howl Bitmap #cards 512 size 80 coarsen threshold 460 Card regions per heap region 1 cards per card region 4096
 CPUs: 12 total, 12 available
 Memory: 16091M
 Large Page Support: Disabled
 NUMA Support: Disabled
 Compressed Oops: Enabled (Zero based)
 Heap Region Size: 2M
 Heap Min Capacity: 8M
 Heap Initial Capacity: 252M
 Heap Max Capacity: 4024M
 Pre-touch: Disabled
 Parallel Workers: 10
 Concurrent Workers: 3
 Concurrent Refinement Workers: 10
 Periodic GC: Disabled
Heap:
 garbage-first heap   total 79872K, used 43878K [0x0000000704800000, 0x0000000800000000)
  region size 2048K, 7 young (14336K), 2 survivors (4096K)
 Metaspace       used 80396K, committed 81280K, reserved 1179648K
  class space    used 10913K, committed 11264K, reserved 1048576K
GC Heap History (20 events):
Event: 4.639 GC heap before
{Heap before GC invocations=15 (full 0):
 garbage-first heap   total 79872K, used 69123K [0x0000000704800000, 0x0000000800000000)
  region size 2048K, 21 young (43008K), 2 survivors (4096K)
 Metaspace       used 69446K, committed 70208K, reserved 1114112K
  class space    used 9619K, committed 9920K, reserved 1048576K
}
Event: 4.643 GC heap after
{Heap after GC invocations=16 (full 0):
 garbage-first heap   total 79872K, used 32531K [0x0000000704800000, 0x0000000800000000)
  region size 2048K, 3 young (6144K), 3 survivors (6144K)
 Metaspace       used 69446K, committed 70208K, reserved 1114112K
  class space    used 9619K, committed 9920K, reserved 1048576K
}
Event: 4.991 GC heap before
{Heap before GC invocations=16 (full 0):
 garbage-first heap   total 79872K, used 65299K [0x0000000704800000, 0x0000000800000000)
  region size 2048K, 19 young (38912K), 3 survivors (6144K)
 Metaspace       used 73106K, committed 73920K, reserved 1114112K
  class space    used 10201K, committed 10560K, reserved 1048576K
}
Event: 4.994 GC heap after
{Heap after GC invocations=17 (full 0):
 garbage-first heap   total 79872K, used 35788K [0x0000000704800000, 0x0000000800000000)
  region size 2048K, 3 young (6144K), 3 survivors (6144K)
 Metaspace       used 73106K, committed 73920K, reserved 1114112K
  class space    used 10201K, committed 10560K, reserved 1048576K
}
Event: 253.958 GC heap before
{Heap before GC invocations=17 (full 0):
 garbage-first heap   total 79872K, used 66508K [0x0000000704800000, 0x0000000800000000)
  region size 2048K, 18 young (36864K), 3 survivors (6144K)
 Metaspace       used 77556K, committed 78400K, reserved 1179648K
  class space    used 10779K, committed 11136K, reserved 1048576K
}
Event: 253.968 GC heap after
{Heap after GC invocations=18 (full 0):
 garbage-first heap   total 79872K, used 36100K [0x0000000704800000, 0x0000000800000000)
  region size 2048K, 2 young (4096K), 2 survivors (4096K)
 Metaspace       used 77556K, committed 78400K, reserved 1179648K
  class space    used 10779K, committed 11136K, reserved 1048576K
}
Event: 525.928 GC heap before
{Heap before GC invocations=19 (full 0):
 garbage-first heap   total 79872K, used 50436K [0x0000000704800000, 0x0000000800000000)
  region size 2048K, 10 young (20480K), 2 survivors (4096K)
 Metaspace       used 77652K, committed 78464K, reserved 1179648K
  class space    used 10802K, committed 11136K, reserved 1048576K
}
Event: 526.013 GC heap after
{Heap after GC invocations=20 (full 1):
 garbage-first heap   total 79872K, used 29163K [0x0000000704800000, 0x0000000800000000)
  region size 2048K, 0 young (0K), 0 survivors (0K)
 Metaspace       used 77639K, committed 78464K, reserved 1179648K
  class space    used 10800K, committed 11136K, reserved 1048576K
}
Event: 527.573 GC heap before
{Heap before GC invocations=20 (full 1):
 garbage-first heap   total 79872K, used 68075K [0x0000000704800000, 0x0000000800000000)
  region size 2048K, 20 young (40960K), 0 survivors (0K)
 Metaspace       used 78143K, committed 78976K, reserved 1179648K
  class space    used 10819K, committed 11200K, reserved 1048576K
}
Event: 527.577 GC heap after
{Heap after GC invocations=21 (full 1):
 garbage-first heap   total 79872K, used 33503K [0x0000000704800000, 0x0000000800000000)
  region size 2048K, 3 young (6144K), 3 survivors (6144K)
 Metaspace       used 78143K, committed 78976K, reserved 1179648K
  class space    used 10819K, committed 11200K, reserved 1048576K
}
Event: 528.344 GC heap before
{Heap before GC invocations=22 (full 1):
 garbage-first heap   total 79872K, used 62175K [0x0000000704800000, 0x0000000800000000)
  region size 2048K, 18 young (36864K), 3 survivors (6144K)
 Metaspace       used 78762K, committed 79616K, reserved 1179648K
  class space    used 10835K, committed 11200K, reserved 1048576K
}
Event: 528.349 GC heap after
{Heap after GC invocations=23 (full 1):
 garbage-first heap   total 79872K, used 35636K [0x0000000704800000, 0x0000000800000000)
  region size 2048K, 2 young (4096K), 2 survivors (4096K)
 Metaspace       used 78762K, committed 79616K, reserved 1179648K
  class space    used 10835K, committed 11200K, reserved 1048576K
}
Event: 528.791 GC heap before
{Heap before GC invocations=23 (full 1):
 garbage-first heap   total 79872K, used 66356K [0x0000000704800000, 0x0000000800000000)
  region size 2048K, 17 young (34816K), 2 survivors (4096K)
 Metaspace       used 79175K, committed 80000K, reserved 1179648K
  class space    used 10856K, committed 11200K, reserved 1048576K
}
Event: 528.796 GC heap after
{Heap after GC invocations=24 (full 1):
 garbage-first heap   total 79872K, used 37328K [0x0000000704800000, 0x0000000800000000)
  region size 2048K, 2 young (4096K), 2 survivors (4096K)
 Metaspace       used 79175K, committed 80000K, reserved 1179648K
  class space    used 10856K, committed 11200K, reserved 1048576K
}
Event: 535.477 GC heap before
{Heap before GC invocations=24 (full 1):
 garbage-first heap   total 79872K, used 45520K [0x0000000704800000, 0x0000000800000000)
  region size 2048K, 7 young (14336K), 2 survivors (4096K)
 Metaspace       used 79400K, committed 80320K, reserved 1179648K
  class space    used 10870K, committed 11264K, reserved 1048576K
}
Event: 535.565 GC heap after
{Heap after GC invocations=25 (full 2):
 garbage-first heap   total 79872K, used 29301K [0x0000000704800000, 0x0000000800000000)
  region size 2048K, 0 young (0K), 0 survivors (0K)
 Metaspace       used 79368K, committed 80320K, reserved 1179648K
  class space    used 10867K, committed 11264K, reserved 1048576K
}
Event: 536.273 GC heap before
{Heap before GC invocations=25 (full 2):
 garbage-first heap   total 79872K, used 68213K [0x0000000704800000, 0x0000000800000000)
  region size 2048K, 19 young (38912K), 0 survivors (0K)
 Metaspace       used 79637K, committed 80448K, reserved 1179648K
  class space    used 10881K, committed 11264K, reserved 1048576K
}
Event: 536.278 GC heap after
{Heap after GC invocations=26 (full 2):
 garbage-first heap   total 79872K, used 33397K [0x0000000704800000, 0x0000000800000000)
  region size 2048K, 2 young (4096K), 2 survivors (4096K)
 Metaspace       used 79637K, committed 80448K, reserved 1179648K
  class space    used 10881K, committed 11264K, reserved 1048576K
}
Event: 537.094 GC heap before
{Heap before GC invocations=27 (full 2):
 garbage-first heap   total 79872K, used 68213K [0x0000000704800000, 0x0000000800000000)
  region size 2048K, 19 young (38912K), 2 survivors (4096K)
 Metaspace       used 80176K, committed 80960K, reserved 1179648K
  class space    used 10901K, committed 11264K, reserved 1048576K
}
Event: 537.099 GC heap after
{Heap after GC invocations=28 (full 2):
 garbage-first heap   total 79872K, used 35686K [0x0000000704800000, 0x0000000800000000)
  region size 2048K, 2 young (4096K), 2 survivors (4096K)
 Metaspace       used 80176K, committed 80960K, reserved 1179648K
  class space    used 10901K, committed 11264K, reserved 1048576K
}

